<?xml version="1.0" encoding="UTF-8"?>
<!-- Generated by org.testng.reporters.JUnitReportReporter -->
<testsuite hostname="DESKTOP-3JH0SJC" failures="0" tests="1" name="canvas.NewTest" time="25.705" errors="0" timestamp="2021-10-14T13:13:23 IST" skipped="0">
  <testcase classname="canvas.NewTest" name="drawLine" time="25.705"/>
  <system-out/>
</testsuite> <!-- canvas.NewTest -->
